app/build/intermediates/manifest_merge_blame_file/debug/manifest-merger-blame-debug-report.txt
1<?xml version="1.0" encoding="utf-8"?>
2<manifest xmlns:android="http://schemas.android.com/apk/res/android"
3    package="com.example.tcc_cowde"
4    android:versionCode="1"
5    android:versionName="1.0" >
6
7    <uses-sdk
8        android:minSdkVersion="24"
8-->src\main\AndroidManifest.xml
9        android:targetSdkVersion="33" />
9-->src\main\AndroidManifest.xml
10
11    <uses-permission android:name="android.permission.INTERNET" />
11-->src\main\AndroidManifest.xml:5:5-67
11-->src\main\AndroidManifest.xml:5:22-64
12    <uses-permission android:name="android.permission.ACCESS_NETWORK_STATE" />
12-->src\main\AndroidManifest.xml:6:5-79
12-->src\main\AndroidManifest.xml:6:22-76
13    <uses-permission android:name="android.permission.POST_NOTIFICATIONS" />
13-->src\main\AndroidManifest.xml:7:5-77
13-->src\main\AndroidManifest.xml:7:22-74
14
15    <uses-feature
15-->[com.google.android.gms:play-services-maps:18.0.2] AndroidManifest.xml:26:5-28:35
16        android:glEsVersion="0x00020000"
16-->[com.google.android.gms:play-services-maps:18.0.2] AndroidManifest.xml:27:9-41
17        android:required="true" />
17-->[com.google.android.gms:play-services-maps:18.0.2] AndroidManifest.xml:28:9-32
18
19    <queries>
19-->[com.google.android.gms:play-services-maps:18.0.2] AndroidManifest.xml:30:5-34:15
20
21        <!-- Needs to be explicitly declared on Android R+ -->
22        <package android:name="com.google.android.apps.maps" />
22-->[com.google.android.gms:play-services-maps:18.0.2] AndroidManifest.xml:33:9-64
22-->[com.google.android.gms:play-services-maps:18.0.2] AndroidManifest.xml:33:18-61
23    </queries>
24
25    <permission
25-->[androidx.core:core:1.9.0] AndroidManifest.xml:22:5-24:47
26        android:name="com.example.tcc_cowde.DYNAMIC_RECEIVER_NOT_EXPORTED_PERMISSION"
26-->[androidx.core:core:1.9.0] AndroidManifest.xml:23:9-81
27        android:protectionLevel="signature" />
27-->[androidx.core:core:1.9.0] AndroidManifest.xml:24:9-44
28
29    <uses-permission android:name="com.example.tcc_cowde.DYNAMIC_RECEIVER_NOT_EXPORTED_PERMISSION" />
29-->[androidx.core:core:1.9.0] AndroidManifest.xml:26:5-97
29-->[androidx.core:core:1.9.0] AndroidManifest.xml:26:22-94
30
31    <application
31-->src\main\AndroidManifest.xml:9:5-86:19
32        android:allowBackup="true"
32-->src\main\AndroidManifest.xml:10:9-35
33        android:appComponentFactory="androidx.core.app.CoreComponentFactory"
33-->[androidx.core:core:1.9.0] AndroidManifest.xml:28:18-86
34        android:dataExtractionRules="@xml/data_extraction_rules"
34-->src\main\AndroidManifest.xml:11:9-65
35        android:debuggable="true"
36        android:extractNativeLibs="false"
37        android:fullBackupContent="@xml/backup_rules"
37-->src\main\AndroidManifest.xml:12:9-54
38        android:icon="@mipmap/ic_launcher"
38-->src\main\AndroidManifest.xml:13:9-43
39        android:label="@string/app_name"
39-->src\main\AndroidManifest.xml:14:9-41
40        android:networkSecurityConfig="@xml/network_security_config"
40-->src\main\AndroidManifest.xml:15:9-69
41        android:roundIcon="@mipmap/ic_launcher_round"
41-->src\main\AndroidManifest.xml:16:9-54
42        android:supportsRtl="true"
42-->src\main\AndroidManifest.xml:17:9-35
43        android:testOnly="true"
44        android:theme="@style/Theme.Design.NoActionBar"
44-->src\main\AndroidManifest.xml:18:9-56
45        android:usesCleartextTraffic="true" >
45-->src\main\AndroidManifest.xml:19:9-44
46
47        <!--
48             TODO: Before you run your application, you need a Google Maps API key.
49
50             To get one, follow the directions here:
51
52                https://developers.google.com/maps/documentation/android-sdk/get-api-key
53
54             Once you have your API key (it starts with "AIza"), define a new property in your
55             project's local.properties file (e.g. MAPS_API_KEY=Aiza...), and replace the
56             "YOUR_API_KEY" string in this file with "${MAPS_API_KEY}".
57        -->
58        <meta-data
58-->src\main\AndroidManifest.xml:33:9-35:71
59            android:name="com.google.android.geo.API_KEY"
59-->src\main\AndroidManifest.xml:34:13-58
60            android:value="AIzaSyDrGgZeKZ1pm73jWZTiraXmIBSBGFJjc4k" />
60-->src\main\AndroidManifest.xml:35:13-68
61
62        <activity
62-->src\main\AndroidManifest.xml:37:9-40:59
63            android:name="com.example.tcc_cowde.MapsActivity"
63-->src\main\AndroidManifest.xml:38:13-41
64            android:exported="false"
64-->src\main\AndroidManifest.xml:39:13-37
65            android:label="@string/title_activity_maps" />
65-->src\main\AndroidManifest.xml:40:13-56
66        <activity
66-->src\main\AndroidManifest.xml:41:9-47:20
67            android:name="com.example.tcc_cowde.Login"
67-->src\main\AndroidManifest.xml:42:13-34
68            android:exported="false" >
68-->src\main\AndroidManifest.xml:43:13-37
69            <meta-data
69-->src\main\AndroidManifest.xml:44:13-46:36
70                android:name="android.app.lib_name"
70-->src\main\AndroidManifest.xml:45:17-52
71                android:value="" />
71-->src\main\AndroidManifest.xml:46:17-33
72        </activity>
73        <activity
73-->src\main\AndroidManifest.xml:48:9-54:20
74            android:name="com.example.tcc_cowde.Cadastrar"
74-->src\main\AndroidManifest.xml:49:13-38
75            android:exported="false" >
75-->src\main\AndroidManifest.xml:50:13-37
76            <meta-data
76-->src\main\AndroidManifest.xml:44:13-46:36
77                android:name="android.app.lib_name"
77-->src\main\AndroidManifest.xml:45:17-52
78                android:value="" />
78-->src\main\AndroidManifest.xml:46:17-33
79        </activity>
80        <activity
80-->src\main\AndroidManifest.xml:55:9-61:20
81            android:name="com.example.tcc_cowde.Atualizar"
81-->src\main\AndroidManifest.xml:56:13-38
82            android:exported="false" >
82-->src\main\AndroidManifest.xml:57:13-37
83            <meta-data
83-->src\main\AndroidManifest.xml:44:13-46:36
84                android:name="android.app.lib_name"
84-->src\main\AndroidManifest.xml:45:17-52
85                android:value="" />
85-->src\main\AndroidManifest.xml:46:17-33
86        </activity>
87        <activity
87-->src\main\AndroidManifest.xml:62:9-68:20
88            android:name="com.example.tcc_cowde.Perfil"
88-->src\main\AndroidManifest.xml:63:13-35
89            android:exported="false" >
89-->src\main\AndroidManifest.xml:64:13-37
90            <meta-data
90-->src\main\AndroidManifest.xml:44:13-46:36
91                android:name="android.app.lib_name"
91-->src\main\AndroidManifest.xml:45:17-52
92                android:value="" />
92-->src\main\AndroidManifest.xml:46:17-33
93        </activity>
94        <activity
94-->src\main\AndroidManifest.xml:69:9-81:20
95            android:name="com.example.tcc_cowde.MainActivity"
95-->src\main\AndroidManifest.xml:70:13-41
96            android:exported="true" >
96-->src\main\AndroidManifest.xml:71:13-36
97            <intent-filter>
97-->src\main\AndroidManifest.xml:72:13-76:29
98                <action android:name="android.intent.action.MAIN" />
98-->src\main\AndroidManifest.xml:73:17-69
98-->src\main\AndroidManifest.xml:73:25-66
99
100                <category android:name="android.intent.category.LAUNCHER" />
100-->src\main\AndroidManifest.xml:75:17-77
100-->src\main\AndroidManifest.xml:75:27-74
101            </intent-filter>
102
103            <meta-data
103-->src\main\AndroidManifest.xml:44:13-46:36
104                android:name="android.app.lib_name"
104-->src\main\AndroidManifest.xml:45:17-52
105                android:value="" />
105-->src\main\AndroidManifest.xml:46:17-33
106        </activity>
107
108        <meta-data
108-->src\main\AndroidManifest.xml:83:9-85:57
109            android:name="preloaded_fonts"
109-->src\main\AndroidManifest.xml:84:13-43
110            android:resource="@array/preloaded_fonts" />
110-->src\main\AndroidManifest.xml:85:13-54
111        <!-- Needs to be explicitly declared on P+ -->
112        <uses-library
112-->[com.google.android.gms:play-services-maps:18.0.2] AndroidManifest.xml:39:9-41:40
113            android:name="org.apache.http.legacy"
113-->[com.google.android.gms:play-services-maps:18.0.2] AndroidManifest.xml:40:13-50
114            android:required="false" />
114-->[com.google.android.gms:play-services-maps:18.0.2] AndroidManifest.xml:41:13-37
115
116        <activity
116-->[com.google.android.gms:play-services-base:18.0.1] AndroidManifest.xml:20:9-22:45
117            android:name="com.google.android.gms.common.api.GoogleApiActivity"
117-->[com.google.android.gms:play-services-base:18.0.1] AndroidManifest.xml:20:19-85
118            android:exported="false"
118-->[com.google.android.gms:play-services-base:18.0.1] AndroidManifest.xml:22:19-43
119            android:theme="@android:style/Theme.Translucent.NoTitleBar" />
119-->[com.google.android.gms:play-services-base:18.0.1] AndroidManifest.xml:21:19-78
120
121        <meta-data
121-->[com.google.android.gms:play-services-basement:18.0.0] AndroidManifest.xml:21:9-23:69
122            android:name="com.google.android.gms.version"
122-->[com.google.android.gms:play-services-basement:18.0.0] AndroidManifest.xml:22:13-58
123            android:value="@integer/google_play_services_version" />
123-->[com.google.android.gms:play-services-basement:18.0.0] AndroidManifest.xml:23:13-66
124
125        <provider
125-->[androidx.emoji2:emoji2:1.2.0] AndroidManifest.xml:24:9-32:20
126            android:name="androidx.startup.InitializationProvider"
126-->[androidx.emoji2:emoji2:1.2.0] AndroidManifest.xml:25:13-67
127            android:authorities="com.example.tcc_cowde.androidx-startup"
127-->[androidx.emoji2:emoji2:1.2.0] AndroidManifest.xml:26:13-68
128            android:exported="false" >
128-->[androidx.emoji2:emoji2:1.2.0] AndroidManifest.xml:27:13-37
129            <meta-data
129-->[androidx.emoji2:emoji2:1.2.0] AndroidManifest.xml:29:13-31:52
130                android:name="androidx.emoji2.text.EmojiCompatInitializer"
130-->[androidx.emoji2:emoji2:1.2.0] AndroidManifest.xml:30:17-75
131                android:value="androidx.startup" />
131-->[androidx.emoji2:emoji2:1.2.0] AndroidManifest.xml:31:17-49
132            <meta-data
132-->[androidx.lifecycle:lifecycle-process:2.4.1] AndroidManifest.xml:31:13-33:52
133                android:name="androidx.lifecycle.ProcessLifecycleInitializer"
133-->[androidx.lifecycle:lifecycle-process:2.4.1] AndroidManifest.xml:32:17-78
134                android:value="androidx.startup" />
134-->[androidx.lifecycle:lifecycle-process:2.4.1] AndroidManifest.xml:33:17-49
135        </provider>
136    </application>
137
138</manifest>